TN:
SF:src/repository/api/game-api/games.api.ts
FN:9,getGames
FN:16,getScreenshotsByGameId
FN:23,getGameById
FNF:3
FNH:1
FNDA:1,getGames
FNDA:0,getScreenshotsByGameId
FNDA:0,getGameById
DA:1,1
DA:4,1
DA:5,1
DA:7,1
DA:9,1
DA:10,1
DA:13,1
DA:16,1
DA:17,0
DA:20,0
DA:23,1
DA:24,0
DA:27,0
LF:13
LH:9
BRF:0
BRH:0
end_of_record
TN:
SF:src/repository/api/game-api/test-data/game.ts
FNF:0
FNH:0
DA:1,1
DA:3,1
LF:2
LH:2
BRF:0
BRH:0
end_of_record
TN:
SF:src/repository/api/game-api/test-data/games.ts
FNF:0
FNH:0
DA:4,1
DA:5714,1
LF:2
LH:2
BRF:0
BRH:0
end_of_record
